 Â·-------------------------|--------------------------------|--------------------------------Â·
 |  Solc version: 0.8.20   Â·  Optimizer enabled: true       Â·  Runs: 1                       â”‚
 Â·Â·Â·Â·Â·Â·Â·Â·Â·Â·Â·Â·Â·Â·Â·Â·Â·Â·Â·Â·Â·Â·Â·Â·Â·Â·|Â·Â·Â·Â·Â·Â·Â·Â·Â·Â·Â·Â·Â·Â·Â·Â·Â·Â·Â·Â·Â·Â·Â·Â·Â·Â·Â·Â·Â·Â·Â·Â·|Â·Â·Â·Â·Â·Â·Â·Â·Â·Â·Â·Â·Â·Â·Â·Â·Â·Â·Â·Â·Â·Â·Â·Â·Â·Â·Â·Â·Â·Â·Â·Â·Â·
 |  Contract Name          Â·  Deployed size (KiB) (change)  Â·  Initcode size (KiB) (change)  â”‚
 Â·Â·Â·Â·Â·Â·Â·Â·Â·Â·Â·Â·Â·Â·Â·Â·Â·Â·Â·Â·Â·Â·Â·Â·Â·Â·|Â·Â·Â·Â·Â·Â·Â·Â·Â·Â·Â·Â·Â·Â·Â·Â·Â·Â·Â·Â·Â·Â·Â·Â·Â·Â·Â·Â·Â·Â·Â·Â·|Â·Â·Â·Â·Â·Â·Â·Â·Â·Â·Â·Â·Â·Â·Â·Â·Â·Â·Â·Â·Â·Â·Â·Â·Â·Â·Â·Â·Â·Â·Â·Â·Â·
 |  MockOpinionCore        Â·                 4.069 (0.000)  Â·                 4.102 (0.000)  â”‚
 Â·Â·Â·Â·Â·Â·Â·Â·Â·Â·Â·Â·Â·Â·Â·Â·Â·Â·Â·Â·Â·Â·Â·Â·Â·Â·|Â·Â·Â·Â·Â·Â·Â·Â·Â·Â·Â·Â·Â·Â·Â·Â·Â·Â·Â·Â·Â·Â·Â·Â·Â·Â·Â·Â·Â·Â·Â·Â·|Â·Â·Â·Â·Â·Â·Â·Â·Â·Â·Â·Â·Â·Â·Â·Â·Â·Â·Â·Â·Â·Â·Â·Â·Â·Â·Â·Â·Â·Â·Â·Â·Â·
 |  OpinionCore            Â·                24.546 (0.000)  Â·                24.594 (0.000)  â”‚
 Â·Â·Â·Â·Â·Â·Â·Â·Â·Â·Â·Â·Â·Â·Â·Â·Â·Â·Â·Â·Â·Â·Â·Â·Â·Â·|Â·Â·Â·Â·Â·Â·Â·Â·Â·Â·Â·Â·Â·Â·Â·Â·Â·Â·Â·Â·Â·Â·Â·Â·Â·Â·Â·Â·Â·Â·Â·Â·|Â·Â·Â·Â·Â·Â·Â·Â·Â·Â·Â·Â·Â·Â·Â·Â·Â·Â·Â·Â·Â·Â·Â·Â·Â·Â·Â·Â·Â·Â·Â·Â·Â·
 |  OpinionCoreSimplified  Â·                24.360 (0.000)  Â·                24.389 (0.000)  â”‚
 Â·-------------------------|--------------------------------|--------------------------------Â·

Warning: 2 contracts exceed the size limit for mainnet deployment (24.000 KiB deployed, 48.000 KiB init).
ğŸ” QUICK SIGNATURE CHECK - TARGETING CRITICAL FUNCTIONS
An unexpected error occurred:

test/all_tests.test.ts(579,1): error TS1434: Unexpected keyword or identifier.
test/all_tests.test.ts(579,5): error TS1434: Unexpected keyword or identifier.
test/all_tests.test.ts(579,8): error TS1434: Unexpected keyword or identifier.
test/all_tests.test.ts(579,12): error TS1435: Unknown keyword or identifier. Did you mean 'this'?
test/all_tests.test.ts(581,7): error TS1434: Unexpected keyword or identifier.
test/all_tests.test.ts(581,17): error TS1005: ';' expected.
test/all_tests.test.ts(581,30): error TS1005: ';' expected.
test/all_tests.test.ts(581,54): error TS1005: ';' expected.
test/all_tests.test.ts(581,60): error TS1434: Unexpected keyword or identifier.
test/all_tests.test.ts(581,85): error TS1003: Identifier expected.
test/all_tests.test.ts(581,114): error TS1005: ',' expected.
test/all_tests.test.ts(581,117): error TS1005: ',' expected.
test/all_tests.test.ts(581,126): error TS1005: ';' expected.
test/all_tests.test.ts(581,131): error TS1434: Unexpected keyword or identifier.
test/all_tests.test.ts(581,136): error TS1434: Unexpected keyword or identifier.
test/all_tests.test.ts(581,145): error TS1434: Unexpected keyword or identifier.
test/all_tests.test.ts(581,151): error TS1434: Unexpected keyword or identifier.
test/all_tests.test.ts(581,193): error TS1005: ';' expected.
test/all_tests.test.ts(581,194): error TS1128: Declaration or statement expected.
test/all_tests.test.ts(582,15): error TS1434: Unexpected keyword or identifier.
test/all_tests.test.ts(582,20): error TS1434: Unexpected keyword or identifier.
test/all_tests.test.ts(582,25): error TS1434: Unexpected keyword or identifier.
test/all_tests.test.ts(582,29): error TS1434: Unexpected keyword or identifier.
test/all_tests.test.ts(582,34): error TS1434: Unexpected keyword or identifier.
test/all_tests.test.ts(582,38): error TS1434: Unexpected keyword or identifier.
test/all_tests.test.ts(582,48): error TS1434: Unexpected keyword or identifier.
test/all_tests.test.ts(583,1): error TS1434: Unexpected keyword or identifier.
test/all_tests.test.ts(583,15): error TS1005: ';' expected.
test/all_tests.test.ts(583,24): error TS1005: ';' expected.
test/all_tests.test.ts(583,48): error TS1146: Declaration expected.
test/all_tests.test.ts(583,97): error TS1005: ';' expected.
test/all_tests.test.ts(583,113): error TS1146: Declaration expected.
test/all_tests.test.ts(583,172): error TS1005: ';' expected.
test/all_tests.test.ts(583,185): error TS1146: Declaration expected.
test/all_tests.test.ts(583,239): error TS1005: ';' expected.
test/all_tests.test.ts(583,259): error TS1146: Declaration expected.
test/all_tests.test.ts(584,1): error TS1434: Unexpected keyword or identifier.
test/all_tests.test.ts(584,55): error TS1002: Unterminated string literal.
test/all_tests.test.ts(585,12): error TS1434: Unexpected keyword or identifier.
test/all_tests.test.ts(585,16): error TS1434: Unexpected keyword or identifier.
test/all_tests.test.ts(585,20): error TS1434: Unexpected keyword or identifier.
test/all_tests.test.ts(585,28): error TS1434: Unexpected keyword or identifier.
test/all_tests.test.ts(585,36): error TS1434: Unexpected keyword or identifier.
test/all_tests.test.ts(585,42): error TS1434: Unexpected keyword or identifier.
test/all_tests.test.ts(585,49): error TS1434: Unexpected keyword or identifier.
test/all_tests.test.ts(585,54): error TS1434: Unexpected keyword or identifier.
test/all_tests.test.ts(585,63): error TS1434: Unexpected keyword or identifier.
test/all_tests.test.ts(585,85): error TS1005: ',' expected.
test/all_tests.test.ts(585,89): error TS1005: '(' expected.
test/all_tests.test.ts(585,114): error TS1005: ';' expected.
test/all_tests.test.ts(585,119): error TS1005: ';' expected.
test/all_tests.test.ts(585,125): error TS1109: Expression expected.
test/all_tests.test.ts(585,126): error TS1003: Identifier expected.
test/all_tests.test.ts(586,1): error TS1434: Unexpected keyword or identifier.
test/all_tests.test.ts(586,12): error TS1434: Unexpected keyword or identifier.
test/all_tests.test.ts(586,20): error TS1434: Unexpected keyword or identifier.
test/all_tests.test.ts(586,24): error TS1434: Unexpected keyword or identifier.
test/all_tests.test.ts(586,30): error TS1434: Unexpected keyword or identifier.
test/all_tests.test.ts(586,35): error TS1434: Unexpected keyword or identifier.
test/all_tests.test.ts(586,40): error TS1434: Unexpected keyword or identifier.
test/all_tests.test.ts(586,59): error TS1005: ',' expected.
test/all_tests.test.ts(586,67): error TS1005: ',' expected.
test/all_tests.test.ts(586,71): error TS1005: ',' expected.
test/all_tests.test.ts(586,81): error TS1005: ',' expected.
test/all_tests.test.ts(586,86): error TS1005: ',' expected.
test/all_tests.test.ts(586,91): error TS1005: ',' expected.
test/all_tests.test.ts(586,94): error TS1005: ',' expected.
test/all_tests.test.ts(586,98): error TS1005: ',' expected.
test/all_tests.test.ts(586,108): error TS1005: ',' expected.
test/all_tests.test.ts(586,112): error TS1005: ',' expected.
test/all_tests.test.ts(586,118): error TS1005: ',' expected.
test/all_tests.test.ts(586,126): error TS1005: ',' expected.
test/all_tests.test.ts(586,128): error TS1005: ',' expected.
test/all_tests.test.ts(586,138): error TS1005: ',' expected.
test/all_tests.test.ts(586,149): error TS1005: ',' expected.
test/all_tests.test.ts(586,166): error TS1005: ',' expected.
test/all_tests.test.ts(586,173): error TS1005: ',' expected.
test/all_tests.test.ts(586,177): error TS1005: ',' expected.
test/all_tests.test.ts(586,184): error TS1005: ',' expected.
test/all_tests.test.ts(587,10): error TS1005: ',' expected.
test/all_tests.test.ts(587,17): error TS1005: ';' expected.
test/all_tests.test.ts(588,13): error TS1005: ';' expected.
test/all_tests.test.ts(588,19): error TS1434: Unexpected keyword or identifier.
test/all_tests.test.ts(588,23): error TS1434: Unexpected keyword or identifier.
test/all_tests.test.ts(588,33): error TS1005: '(' expected.
test/all_tests.test.ts(588,37): error TS1005: ';' expected.
test/all_tests.test.ts(588,46): error TS1005: ';' expected.
test/all_tests.test.ts(589,1): error TS1005: ')' expected.
test/all_tests.test.ts(589,17): error TS1434: Unexpected keyword or identifier.
test/all_tests.test.ts(589,20): error TS1434: Unexpected keyword or identifier.
test/all_tests.test.ts(589,36): error TS1005: ';' expected.
test/all_tests.test.ts(589,40): error TS1434: Unexpected keyword or identifier.
test/all_tests.test.ts(589,63): error TS1005: ';' expected.
test/all_tests.test.ts(589,217): error TS1002: Unterminated string literal.
test/all_tests.test.ts(590,1): error TS1434: Unexpected keyword or identifier.
test/all_tests.test.ts(590,17): error TS1434: Unexpected keyword or identifier.
test/all_tests.test.ts(590,21): error TS1434: Unexpected keyword or identifier.
test/all_tests.test.ts(590,27): error TS1434: Unexpected keyword or identifier.
test/all_tests.test.ts(590,32): error TS1434: Unexpected keyword or identifier.
test/all_tests.test.ts(590,35): error TS1434: Unexpected keyword or identifier.
test/all_tests.test.ts(590,42): error TS1434: Unexpected keyword or identifier.
test/all_tests.test.ts(590,46): error TS1434: Unexpected keyword or identifier.
test/all_tests.test.ts(590,60): error TS1434: Unexpected keyword or identifier.
test/all_tests.test.ts(590,63): error TS1434: Unexpected keyword or identifier.
test/all_tests.test.ts(590,70): error TS1435: Unknown keyword or identifier. Did you mean 'function'?
test/all_tests.test.ts(590,80): error TS1434: Unexpected keyword or identifier.
test/all_tests.test.ts(590,86): error TS1434: Unexpected keyword or identifier.
test/all_tests.test.ts(590,89): error TS1434: Unexpected keyword or identifier.
test/all_tests.test.ts(590,94): error TS1434: Unexpected keyword or identifier.
test/all_tests.test.ts(590,100): error TS1434: Unexpected keyword or identifier.
test/all_tests.test.ts(590,109): error TS1435: Unknown keyword or identifier. Did you mean 'const ructor'?
test/all_tests.test.ts(590,121): error TS1434: Unexpected keyword or identifier.
test/all_tests.test.ts(590,124): error TS1434: Unexpected keyword or identifier.
test/all_tests.test.ts(590,145): error TS1003: Identifier expected.
test/all_tests.test.ts(591,1): error TS1435: Unknown keyword or identifier. Did you mean 'this'?
test/all_tests.test.ts(591,6): error TS1434: Unexpected keyword or identifier.
test/all_tests.test.ts(591,12): error TS1434: Unexpected keyword or identifier.
test/all_tests.test.ts(591,22): error TS1434: Unexpected keyword or identifier.
test/all_tests.test.ts(591,31): error TS1434: Unexpected keyword or identifier.
test/all_tests.test.ts(591,33): error TS1434: Unexpected keyword or identifier.
test/all_tests.test.ts(591,45): error TS1434: Unexpected keyword or identifier.
test/all_tests.test.ts(591,50): error TS1434: Unexpected keyword or identifier.
test/all_tests.test.ts(591,56): error TS1434: Unexpected keyword or identifier.
test/all_tests.test.ts(591,59): error TS1434: Unexpected keyword or identifier.
test/all_tests.test.ts(591,70): error TS1434: Unexpected keyword or identifier.
test/all_tests.test.ts(591,75): error TS1434: Unexpected keyword or identifier.
test/all_tests.test.ts(591,101): error TS1005: ';' expected.
test/all_tests.test.ts(591,106): error TS1434: Unexpected keyword or identifier.
test/all_tests.test.ts(591,135): error TS1005: ';' expected.
test/all_tests.test.ts(591,139): error TS1005: '(' expected.
test/all_tests.test.ts(591,147): error TS1005: ';' expected.
test/all_tests.test.ts(591,152): error TS1005: ';' expected.
test/all_tests.test.ts(591,166): error TS1005: ')' expected.
test/all_tests.test.ts(591,169): error TS1434: Unexpected keyword or identifier.
test/all_tests.test.ts(591,179): error TS1434: Unexpected keyword or identifier.
test/all_tests.test.ts(591,187): error TS1434: Unexpected keyword or identifier.
test/all_tests.test.ts(591,212): error TS1005: ';' expected.
test/all_tests.test.ts(591,228): error TS1005: ';' expected.
test/all_tests.test.ts(597,1): error TS1434: Unexpected keyword or identifier.
test/all_tests.test.ts(597,5): error TS1434: Unexpected keyword or identifier.
test/all_tests.test.ts(597,9): error TS1434: Unexpected keyword or identifier.
test/all_tests.test.ts(597,33): error TS1005: ';' expected.
test/all_tests.test.ts(624,1): error TS1434: Unexpected keyword or identifier.
test/all_tests.test.ts(624,10): error TS1434: Unexpected keyword or identifier.
test/all_tests.test.ts(625,10): error TS1005: ';' expected.
test/all_tests.test.ts(625,113): error TS1002: Unterminated string literal.
test/all_tests.test.ts(1357,15): error TS1005: ';' expected.
test/all_tests.test.ts(1357,18): error TS1434: Unexpected keyword or identifier.
test/all_tests.test.ts(1357,22): error TS1434: Unexpected keyword or identifier.
test/all_tests.test.ts(1357,31): error TS1005: '(' expected.
test/all_tests.test.ts(1357,33): error TS1005: ';' expected.
test/all_tests.test.ts(1357,40): error TS1005: ';' expected.
test/all_tests.test.ts(1357,49): error TS1005: ')' expected.
test/all_tests.test.ts(1357,60): error TS1005: ';' expected.
test/all_tests.test.ts(1357,82): error TS1005: ';' expected.
test/all_tests.test.ts(1357,90): error TS1434: Unexpected keyword or identifier.
test/all_tests.test.ts(1357,106): error TS1005: ',' expected.
test/all_tests.test.ts(1357,108): error TS1005: ',' expected.
test/all_tests.test.ts(1357,117): error TS1005: ',' expected.
test/all_tests.test.ts(1357,123): error TS1005: ',' expected.
test/all_tests.test.ts(1357,127): error TS1005: ',' expected.
test/all_tests.test.ts(1357,133): error TS1005: ';' expected.
test/all_tests.test.ts(1357,137): error TS1434: Unexpected keyword or identifier.
test/all_tests.test.ts(1357,142): error TS1228: A type predicate is only allowed in return type position for functions and methods.
test/all_tests.test.ts(1357,145): error TS1434: Unexpected keyword or identifier.
test/all_tests.test.ts(1357,152): error TS1434: Unexpected keyword or identifier.
test/all_tests.test.ts(1357,159): error TS1434: Unexpected keyword or identifier.
test/all_tests.test.ts(1357,168): error TS1434: Unexpected keyword or identifier.
test/all_tests.test.ts(1357,172): error TS1434: Unexpected keyword or identifier.
test/all_tests.test.ts(1362,1): error TS1434: Unexpected keyword or identifier.
test/all_tests.test.ts(1362,10): error TS1434: Unexpected keyword or identifier.
test/all_tests.test.ts(1363,10): error TS1005: ';' expected.
test/all_tests.test.ts(1363,140): error TS1002: Unterminated string literal.
test/all_tests.test.ts(1365,1): error TS1434: Unexpected keyword or identifier.
test/all_tests.test.ts(1367,1): error TS1434: Unexpected keyword or identifier.
test/all_tests.test.ts(1367,6): error TS1434: Unexpected keyword or identifier.
test/all_tests.test.ts(1367,11): error TS1434: Unexpected keyword or identifier.
test/all_tests.test.ts(1367,16): error TS1434: Unexpected keyword or identifier.
test/all_tests.test.ts(1367,24): error TS1434: Unexpected keyword or identifier.
test/all_tests.test.ts(1367,28): error TS1434: Unexpected keyword or identifier.
test/all_tests.test.ts(1367,33): error TS1434: Unexpected keyword or identifier.
test/all_tests.test.ts(1367,53): error TS1003: Identifier expected.
test/all_tests.test.ts(1367,84): error TS1109: Expression expected.
test/all_tests.test.ts(1367,87): error TS1003: Identifier expected.
test/all_tests.test.ts(1368,1): error TS1434: Unexpected keyword or identifier.
test/all_tests.test.ts(1368,6): error TS1434: Unexpected keyword or identifier.
test/all_tests.test.ts(1368,11): error TS1434: Unexpected keyword or identifier.
test/all_tests.test.ts(1368,16): error TS1434: Unexpected keyword or identifier.
test/all_tests.test.ts(1368,24): error TS1434: Unexpected keyword or identifier.
test/all_tests.test.ts(1368,26): error TS1434: Unexpected keyword or identifier.
test/all_tests.test.ts(1368,33): error TS1435: Unknown keyword or identifier. Did you mean 'set'?
test/all_tests.test.ts(1368,56): error TS1005: ';' expected.
test/all_tests.test.ts(1368,64): error TS1434: Unexpected keyword or identifier.
test/all_tests.test.ts(1368,67): error TS1434: Unexpected keyword or identifier.
test/all_tests.test.ts(1368,75): error TS1434: Unexpected keyword or identifier.
test/all_tests.test.ts(1368,77): error TS1434: Unexpected keyword or identifier.
test/all_tests.test.ts(1368,94): error TS1003: Identifier expected.
test/all_tests.test.ts(1368,108): error TS1144: '{' or ';' expected.
test/all_tests.test.ts(1368,115): error TS1434: Unexpected keyword or identifier.
test/all_tests.test.ts(1368,128): error TS1003: Identifier expected.
test/all_tests.test.ts(1369,1): error TS1434: Unexpected keyword or identifier.
test/all_tests.test.ts(1369,4): error TS1434: Unexpected keyword or identifier.
test/all_tests.test.ts(1369,11): error TS1434: Unexpected keyword or identifier.
test/all_tests.test.ts(1369,15): error TS1434: Unexpected keyword or identifier.
test/all_tests.test.ts(1369,38): error TS1003: Identifier expected.
test/all_tests.test.ts(1369,42): error TS1005: ',' expected.
test/all_tests.test.ts(1369,50): error TS1005: ',' expected.
test/all_tests.test.ts(1369,57): error TS1005: ',' expected.
test/all_tests.test.ts(1369,66): error TS1005: ',' expected.
test/all_tests.test.ts(1369,76): error TS1144: '{' or ';' expected.
test/all_tests.test.ts(1369,97): error TS1005: ';' expected.
test/all_tests.test.ts(1369,104): error TS1434: Unexpected keyword or identifier.
test/all_tests.test.ts(1369,109): error TS1434: Unexpected keyword or identifier.
test/all_tests.test.ts(1369,114): error TS1434: Unexpected keyword or identifier.
test/all_tests.test.ts(1369,119): error TS1434: Unexpected keyword or identifier.
test/all_tests.test.ts(1369,122): error TS1435: Unknown keyword or identifier. Did you mean 'import'?
test/all_tests.test.ts(1369,131): error TS1434: Unexpected keyword or identifier.
test/all_tests.test.ts(1369,136): error TS1434: Unexpected keyword or identifier.
test/all_tests.test.ts(1369,138): error TS1434: Unexpected keyword or identifier.
test/all_tests.test.ts(1369,145): error TS1434: Unexpected keyword or identifier.
test/all_tests.test.ts(1370,5): error TS1005: ';' expected.
test/all_tests.test.ts(1370,22): error TS1002: Unterminated string literal.
test/all_tests.test.ts(1372,4): error TS1005: ';' expected.
test/all_tests.test.ts(1372,15): error TS1121: Octal literals are not allowed. Use the syntax '0o0'.
test/all_tests.test.ts(1372,17): error TS1005: ';' expected.
test/all_tests.test.ts(1374,1): error TS1434: Unexpected keyword or identifier.
test/all_tests.test.ts(1374,65): error TS1128: Declaration or statement expected.
test/all_tests.test.ts(1374,69): error TS1109: Expression expected.
test/all_tests.test.ts(1375,23): error TS1005: ';' expected.
test/all_tests.test.ts(1375,30): error TS1434: Unexpected keyword or identifier.
test/all_tests.test.ts(1375,37): error TS1434: Unexpected keyword or identifier.
test/all_tests.test.ts(1376,1): error TS1434: Unexpected keyword or identifier.
test/all_tests.test.ts(1376,68): error TS1005: ',' expected.
test/all_tests.test.ts(1376,82): error TS1005: ',' expected.
test/all_tests.test.ts(1376,88): error TS1003: Identifier expected.
test/all_tests.test.ts(1377,1): error TS1434: Unexpected keyword or identifier.
test/all_tests.test.ts(1377,5): error TS1434: Unexpected keyword or identifier.
test/all_tests.test.ts(1377,43): error TS1005: ',' expected.
test/all_tests.test.ts(1377,50): error TS1144: '{' or ';' expected.
test/all_tests.test.ts(1378,1): error TS1434: Unexpected keyword or identifier.
test/all_tests.test.ts(1393,1): error TS1434: Unexpected keyword or identifier.
test/all_tests.test.ts(1393,17): error TS1434: Unexpected keyword or identifier.
test/all_tests.test.ts(1393,23): error TS1434: Unexpected keyword or identifier.
test/all_tests.test.ts(1393,46): error TS1005: ';' expected.
test/all_tests.test.ts(1393,63): error TS1005: ';' expected.
test/all_tests.test.ts(1393,144): error TS1005: ';' expected.
test/all_tests.test.ts(1393,152): error TS1434: Unexpected keyword or identifier.
test/all_tests.test.ts(1393,157): error TS1434: Unexpected keyword or identifier.
test/all_tests.test.ts(1393,173): error TS1005: '(' expected.
test/all_tests.test.ts(1393,177): error TS1005: ';' expected.
test/all_tests.test.ts(1394,1): error TS1003: Identifier expected.
test/all_tests.test.ts(1394,4): error TS1005: ')' expected.
test/all_tests.test.ts(1394,15): error TS1121: Octal literals are not allowed. Use the syntax '0o1'.
test/all_tests.test.ts(1394,17): error TS1005: ';' expected.
test/all_tests.test.ts(1396,1): error TS1434: Unexpected keyword or identifier.
test/all_tests.test.ts(1396,60): error TS1128: Declaration or statement expected.
test/all_tests.test.ts(1396,64): error TS1109: Expression expected.
test/all_tests.test.ts(1397,23): error TS1005: ';' expected.
test/all_tests.test.ts(1397,30): error TS1434: Unexpected keyword or identifier.
test/all_tests.test.ts(1397,37): error TS1434: Unexpected keyword or identifier.
test/all_tests.test.ts(1398,1): error TS1434: Unexpected keyword or identifier.
test/all_tests.test.ts(1398,18): error TS1003: Identifier expected.
test/all_tests.test.ts(1399,1): error TS1434: Unexpected keyword or identifier.
test/all_tests.test.ts(1399,23): error TS1003: Identifier expected.
test/all_tests.test.ts(1400,1): error TS1434: Unexpected keyword or identifier.
test/all_tests.test.ts(1415,1): error TS1434: Unexpected keyword or identifier.
test/all_tests.test.ts(1415,17): error TS1434: Unexpected keyword or identifier.
test/all_tests.test.ts(1415,27): error TS1005: '(' expected.
test/all_tests.test.ts(1415,59): error TS1005: ';' expected.
test/all_tests.test.ts(1415,64): error TS1005: ';' expected.
test/all_tests.test.ts(1415,83): error TS1005: ')' expected.
test/all_tests.test.ts(1415,87): error TS1434: Unexpected keyword or identifier.
test/all_tests.test.ts(1415,95): error TS1434: Unexpected keyword or identifier.
test/all_tests.test.ts(1415,119): error TS1005: ';' expected.
test/all_tests.test.ts(1415,132): error TS1005: ';' expected.
test/all_tests.test.ts(1416,1): error TS1003: Identifier expected.
test/all_tests.test.ts(1416,4): error TS1005: ';' expected.
test/all_tests.test.ts(1416,15): error TS1121: Octal literals are not allowed. Use the syntax '0o2'.
test/all_tests.test.ts(1416,17): error TS1005: ';' expected.
test/all_tests.test.ts(1418,1): error TS1434: Unexpected keyword or identifier.
test/all_tests.test.ts(1418,62): error TS1128: Declaration or statement expected.
test/all_tests.test.ts(1418,66): error TS1109: Expression expected.
test/all_tests.test.ts(1419,23): error TS1005: ';' expected.
test/all_tests.test.ts(1419,30): error TS1434: Unexpected keyword or identifier.
test/all_tests.test.ts(1419,37): error TS1434: Unexpected keyword or identifier.
test/all_tests.test.ts(1420,1): error TS1434: Unexpected keyword or identifier.
test/all_tests.test.ts(1420,18): error TS1003: Identifier expected.
test/all_tests.test.ts(1421,1): error TS1434: Unexpected keyword or identifier.
test/all_tests.test.ts(1421,23): error TS1003: Identifier expected.
test/all_tests.test.ts(1422,1): error TS1434: Unexpected keyword or identifier.
test/all_tests.test.ts(1422,22): error TS1005: '(' expected.
test/all_tests.test.ts(1422,43): error TS1434: Unexpected keyword or identifier.
test/all_tests.test.ts(1422,49): error TS1434: Unexpected keyword or identifier.
test/all_tests.test.ts(1422,52): error TS1434: Unexpected keyword or identifier.
test/all_tests.test.ts(1422,63): error TS1005: '(' expected.
test/all_tests.test.ts(1422,76): error TS1005: ';' expected.
test/all_tests.test.ts(1422,82): error TS1003: Identifier expected.
test/all_tests.test.ts(1423,1): error TS1005: ';' expected.
test/all_tests.test.ts(1423,12): error TS1005: ')' expected.
test/all_tests.test.ts(1442,1): error TS1434: Unexpected keyword or identifier.
test/all_tests.test.ts(1442,17): error TS1434: Unexpected keyword or identifier.
test/all_tests.test.ts(1442,25): error TS1434: Unexpected keyword or identifier.
test/all_tests.test.ts(1442,34): error TS1005: '(' expected.
test/all_tests.test.ts(1443,35): error TS1005: ',' expected.
test/all_tests.test.ts(1443,43): error TS1005: ',' expected.
test/all_tests.test.ts(1443,48): error TS1005: ',' expected.
test/all_tests.test.ts(1444,42): error TS1005: ',' expected.
test/all_tests.test.ts(1445,39): error TS1005: ',' expected.
test/all_tests.test.ts(1446,42): error TS1005: ',' expected.
test/all_tests.test.ts(1446,50): error TS1005: ',' expected.
test/all_tests.test.ts(1446,65): error TS1005: ',' expected.
test/all_tests.test.ts(1447,1): error TS1003: Identifier expected.
test/all_tests.test.ts(1447,4): error TS1005: ';' expected.
test/all_tests.test.ts(1447,15): error TS1121: Octal literals are not allowed. Use the syntax '0o3'.
test/all_tests.test.ts(1447,17): error TS1005: ';' expected.
test/all_tests.test.ts(1449,1): error TS1434: Unexpected keyword or identifier.
test/all_tests.test.ts(1449,54): error TS1128: Declaration or statement expected.
test/all_tests.test.ts(1449,58): error TS1109: Expression expected.
test/all_tests.test.ts(1450,23): error TS1005: ';' expected.
test/all_tests.test.ts(1450,30): error TS1434: Unexpected keyword or identifier.
test/all_tests.test.ts(1450,37): error TS1434: Unexpected keyword or identifier.
test/all_tests.test.ts(1451,1): error TS1434: Unexpected keyword or identifier.
test/all_tests.test.ts(1451,18): error TS1003: Identifier expected.
test/all_tests.test.ts(1452,1): error TS1434: Unexpected keyword or identifier.
test/all_tests.test.ts(1452,23): error TS1003: Identifier expected.
test/all_tests.test.ts(1453,1): error TS1434: Unexpected keyword or identifier.
test/all_tests.test.ts(1472,1): error TS1434: Unexpected keyword or identifier.
test/all_tests.test.ts(1472,17): error TS1434: Unexpected keyword or identifier.
test/all_tests.test.ts(1472,27): error TS1005: '(' expected.
test/all_tests.test.ts(1472,41): error TS1005: ';' expected.
test/all_tests.test.ts(1472,45): error TS1005: ';' expected.
test/all_tests.test.ts(1472,77): error TS1005: ')' expected.
test/all_tests.test.ts(1472,143): error TS1005: ',' expected.
test/all_tests.test.ts(1472,171): error TS1005: ';' expected.
test/all_tests.test.ts(1472,185): error TS1005: ';' expected.
test/all_tests.test.ts(1472,203): error TS1005: ',' expected.
test/all_tests.test.ts(1472,231): error TS1005: ';' expected.
test/all_tests.test.ts(1472,256): error TS1005: ';' expected.
test/all_tests.test.ts(1472,273): error TS1005: ';' expected.
test/all_tests.test.ts(1473,1): error TS1003: Identifier expected.
test/all_tests.test.ts(1473,4): error TS1005: ';' expected.
test/all_tests.test.ts(1473,15): error TS1121: Octal literals are not allowed. Use the syntax '0o4'.
test/all_tests.test.ts(1473,17): error TS1005: ';' expected.
test/all_tests.test.ts(1475,1): error TS1434: Unexpected keyword or identifier.
test/all_tests.test.ts(1475,88): error TS1128: Declaration or statement expected.
test/all_tests.test.ts(1475,92): error TS1109: Expression expected.
test/all_tests.test.ts(1476,23): error TS1005: ';' expected.
test/all_tests.test.ts(1476,30): error TS1434: Unexpected keyword or identifier.
test/all_tests.test.ts(1476,37): error TS1434: Unexpected keyword or identifier.
test/all_tests.test.ts(1477,1): error TS1434: Unexpected keyword or identifier.
test/all_tests.test.ts(1477,24): error TS1005: ',' expected.
test/all_tests.test.ts(1477,31): error TS1005: ',' expected.
test/all_tests.test.ts(1477,38): error TS1005: ',' expected.
test/all_tests.test.ts(1477,42): error TS1005: '(' expected.
test/all_tests.test.ts(1477,50): error TS1005: ';' expected.
test/all_tests.test.ts(1477,51): error TS1109: Expression expected.
test/all_tests.test.ts(1477,52): error TS1003: Identifier expected.
test/all_tests.test.ts(1478,1): error TS1434: Unexpected keyword or identifier.
test/all_tests.test.ts(1478,23): error TS1003: Identifier expected.
test/all_tests.test.ts(1479,1): error TS1434: Unexpected keyword or identifier.
test/all_tests.test.ts(1479,22): error TS1434: Unexpected keyword or identifier.
test/all_tests.test.ts(1479,37): error TS1003: Identifier expected.
test/all_tests.test.ts(1480,1): error TS1434: Unexpected keyword or identifier.
test/all_tests.test.ts(1501,1): error TS1434: Unexpected keyword or identifier.
test/all_tests.test.ts(1501,17): error TS1434: Unexpected keyword or identifier.
test/all_tests.test.ts(1501,25): error TS1434: Unexpected keyword or identifier.
test/all_tests.test.ts(1501,34): error TS1005: '(' expected.
test/all_tests.test.ts(1502,15): error TS1434: Unexpected keyword or identifier.
test/all_tests.test.ts(1502,31): error TS1005: ';' expected.
test/all_tests.test.ts(1502,73): error TS1005: ',' expected.
test/all_tests.test.ts(1502,87): error TS1005: ';' expected.
test/all_tests.test.ts(1502,145): error TS1005: ';' expected.
test/all_tests.test.ts(1502,215): error TS1005: ';' expected.
test/all_tests.test.ts(1502,242): error TS1005: ',' expected.
test/all_tests.test.ts(1502,293): error TS1005: ';' expected.
test/all_tests.test.ts(1502,360): error TS1005: ',' expected.
test/all_tests.test.ts(1502,366): error TS1005: ',' expected.
test/all_tests.test.ts(1503,21): error TS1005: ';' expected.
test/all_tests.test.ts(1503,23): error TS1434: Unexpected keyword or identifier.
test/all_tests.test.ts(1503,44): error TS1005: ',' expected.
test/all_tests.test.ts(1503,52): error TS1005: ',' expected.
test/all_tests.test.ts(1503,66): error TS1005: ',' expected.
test/all_tests.test.ts(1503,81): error TS1005: ';' expected.
test/all_tests.test.ts(1503,84): error TS1434: Unexpected keyword or identifier.
test/all_tests.test.ts(1503,103): error TS1005: ';' expected.
test/all_tests.test.ts(1503,109): error TS1434: Unexpected keyword or identifier.
test/all_tests.test.ts(1503,115): error TS1434: Unexpected keyword or identifier.
test/all_tests.test.ts(1503,125): error TS1434: Unexpected keyword or identifier.
test/all_tests.test.ts(1503,129): error TS1434: Unexpected keyword or identifier.
test/all_tests.test.ts(1503,174): error TS1005: ',' expected.
test/all_tests.test.ts(1503,191): error TS1005: ',' expected.
test/all_tests.test.ts(1503,196): error TS1005: ',' expected.
test/all_tests.test.ts(1503,204): error TS1005: ',' expected.
test/all_tests.test.ts(1503,211): error TS1005: ',' expected.
test/all_tests.test.ts(1503,236): error TS1005: ';' expected.
test/all_tests.test.ts(1503,241): error TS1005: '(' expected.
test/all_tests.test.ts(1504,1): error TS1003: Identifier expected.
test/all_tests.test.ts(1504,4): error TS1005: ';' expected.
test/all_tests.test.ts(1504,15): error TS1121: Octal literals are not allowed. Use the syntax '0o5'.
test/all_tests.test.ts(1504,17): error TS1005: ';' expected.
test/all_tests.test.ts(1506,1): error TS1434: Unexpected keyword or identifier.
test/all_tests.test.ts(1506,51): error TS1128: Declaration or statement expected.
test/all_tests.test.ts(1506,55): error TS1109: Expression expected.
test/all_tests.test.ts(1507,23): error TS1005: ';' expected.
test/all_tests.test.ts(1507,30): error TS1434: Unexpected keyword or identifier.
test/all_tests.test.ts(1507,37): error TS1434: Unexpected keyword or identifier.
test/all_tests.test.ts(1508,1): error TS1434: Unexpected keyword or identifier.
test/all_tests.test.ts(1508,24): error TS1005: ',' expected.
test/all_tests.test.ts(1508,31): error TS1005: ',' expected.
test/all_tests.test.ts(1508,38): error TS1005: ',' expected.
test/all_tests.test.ts(1508,42): error TS1005: '(' expected.
test/all_tests.test.ts(1508,51): error TS1005: ';' expected.
test/all_tests.test.ts(1508,52): error TS1109: Expression expected.
test/all_tests.test.ts(1508,53): error TS1003: Identifier expected.
test/all_tests.test.ts(1509,1): error TS1434: Unexpected keyword or identifier.
test/all_tests.test.ts(1509,23): error TS1003: Identifier expected.
test/all_tests.test.ts(1510,1): error TS1434: Unexpected keyword or identifier.
test/all_tests.test.ts(1510,22): error TS1434: Unexpected keyword or identifier.
test/all_tests.test.ts(1510,37): error TS1003: Identifier expected.
test/all_tests.test.ts(1511,1): error TS1435: Unknown keyword or identifier. Did you mean 'get ValidDeadline'?
test/all_tests.test.ts(1511,18): error TS1434: Unexpected keyword or identifier.
test/all_tests.test.ts(1511,33): error TS1003: Identifier expected.
test/all_tests.test.ts(1512,1): error TS1434: Unexpected keyword or identifier.
test/all_tests.test.ts(1512,24): error TS1434: Unexpected keyword or identifier.
test/all_tests.test.ts(1512,39): error TS1003: Identifier expected.
test/all_tests.test.ts(1513,1): error TS1434: Unexpected keyword or identifier.
test/all_tests.test.ts(1533,1): error TS1434: Unexpected keyword or identifier.
test/all_tests.test.ts(1533,17): error TS1434: Unexpected keyword or identifier.
test/all_tests.test.ts(1533,23): error TS1434: Unexpected keyword or identifier.
test/all_tests.test.ts(1533,40): error TS1005: '(' expected.
test/all_tests.test.ts(1533,58): error TS1005: ';' expected.
test/all_tests.test.ts(1533,70): error TS1005: ';' expected.
test/all_tests.test.ts(1533,114): error TS1005: ')' expected.
test/all_tests.test.ts(1533,142): error TS1005: ';' expected.
test/all_tests.test.ts(1533,179): error TS1005: ',' expected.
test/all_tests.test.ts(1533,198): error TS1005: ';' expected.
test/all_tests.test.ts(1533,225): error TS1005: ',' expected.
test/all_tests.test.ts(1533,239): error TS1005: ',' expected.
test/all_tests.test.ts(1533,256): error TS1005: ',' expected.
test/all_tests.test.ts(1533,281): error TS1005: ',' expected.
test/all_tests.test.ts(1533,303): error TS1005: ',' expected.
test/all_tests.test.ts(1534,1): error TS1003: Identifier expected.
test/all_tests.test.ts(1534,4): error TS1005: ';' expected.
test/all_tests.test.ts(1534,15): error TS1121: Octal literals are not allowed. Use the syntax '0o6'.
test/all_tests.test.ts(1534,17): error TS1005: ';' expected.
test/all_tests.test.ts(1536,1): error TS1434: Unexpected keyword or identifier.
test/all_tests.test.ts(1536,55): error TS1128: Declaration or statement expected.
test/all_tests.test.ts(1536,59): error TS1109: Expression expected.
test/all_tests.test.ts(1537,23): error TS1005: ';' expected.
test/all_tests.test.ts(1537,30): error TS1434: Unexpected keyword or identifier.
test/all_tests.test.ts(1537,37): error TS1434: Unexpected keyword or identifier.
test/all_tests.test.ts(1538,1): error TS1434: Unexpected keyword or identifier.
test/all_tests.test.ts(1538,24): error TS1005: ',' expected.
test/all_tests.test.ts(1538,32): error TS1003: Identifier expected.
test/all_tests.test.ts(1539,1): error TS1434: Unexpected keyword or identifier.
test/all_tests.test.ts(1539,23): error TS1003: Identifier expected.
test/all_tests.test.ts(1540,97): error TS1003: Identifier expected.
test/all_tests.test.ts(1541,1): error TS1434: Unexpected keyword or identifier.
test/all_tests.test.ts(1565,1): error TS1434: Unexpected keyword or identifier.
test/all_tests.test.ts(1565,17): error TS1434: Unexpected keyword or identifier.
test/all_tests.test.ts(1565,27): error TS1005: '(' expected.
test/all_tests.test.ts(1565,51): error TS1005: ';' expected.
test/all_tests.test.ts(1565,63): error TS1005: ';' expected.
test/all_tests.test.ts(1565,102): error TS1005: ')' expected.
test/all_tests.test.ts(1565,145): error TS1005: ',' expected.
test/all_tests.test.ts(1565,169): error TS1005: ';' expected.
test/all_tests.test.ts(1565,173): error TS1434: Unexpected keyword or identifier.
test/all_tests.test.ts(1565,195): error TS1434: Unexpected keyword or identifier.
test/all_tests.test.ts(1565,204): error TS1434: Unexpected keyword or identifier.
test/all_tests.test.ts(1565,214): error TS1005: ';' expected.
test/all_tests.test.ts(1565,228): error TS1005: ';' expected.
test/all_tests.test.ts(1565,248): error TS1005: ',' expected.
test/all_tests.test.ts(1565,269): error TS1005: ',' expected.
test/all_tests.test.ts(1565,286): error TS1005: ',' expected.
test/all_tests.test.ts(1565,322): error TS1005: ';' expected.
test/all_tests.test.ts(1565,326): error TS1434: Unexpected keyword or identifier.
test/all_tests.test.ts(1565,338): error TS1005: '(' expected.
test/all_tests.test.ts(1565,343): error TS1005: ';' expected.
test/all_tests.test.ts(1565,353): error TS1005: ';' expected.
test/all_tests.test.ts(1565,358): error TS1005: ')' expected.
test/all_tests.test.ts(1565,385): error TS1005: ';' expected.
test/all_tests.test.ts(1566,1): error TS1003: Identifier expected.
test/all_tests.test.ts(1566,4): error TS1005: ';' expected.
test/all_tests.test.ts(1566,15): error TS1121: Octal literals are not allowed. Use the syntax '0o7'.
test/all_tests.test.ts(1566,17): error TS1005: ';' expected.
test/all_tests.test.ts(1568,1): error TS1434: Unexpected keyword or identifier.
test/all_tests.test.ts(1568,95): error TS1128: Declaration or statement expected.
test/all_tests.test.ts(1568,99): error TS1109: Expression expected.
test/all_tests.test.ts(1569,23): error TS1005: ';' expected.
test/all_tests.test.ts(1569,30): error TS1434: Unexpected keyword or identifier.
test/all_tests.test.ts(1569,37): error TS1434: Unexpected keyword or identifier.
test/all_tests.test.ts(1570,1): error TS1434: Unexpected keyword or identifier.
test/all_tests.test.ts(1570,24): error TS1005: ',' expected.
test/all_tests.test.ts(1570,31): error TS1005: ',' expected.
test/all_tests.test.ts(1570,34): error TS1005: ',' expected.
test/all_tests.test.ts(1570,45): error TS1003: Identifier expected.
test/all_tests.test.ts(1571,1): error TS1434: Unexpected keyword or identifier.
test/all_tests.test.ts(1571,23): error TS1003: Identifier expected.
test/all_tests.test.ts(1572,97): error TS1003: Identifier expected.
test/all_tests.test.ts(1573,1): error TS1434: Unexpected keyword or identifier.
test/all_tests.test.ts(1592,1): error TS1434: Unexpected keyword or identifier.
test/all_tests.test.ts(1593,1): error TS1434: Unexpected keyword or identifier.
test/all_tests.test.ts(1593,6): error TS1434: Unexpected keyword or identifier.
test/all_tests.test.ts(1593,30): error TS1434: Unexpected keyword or identifier.
test/all_tests.test.ts(1593,36): error TS1434: Unexpected keyword or identifier.
test/all_tests.test.ts(1593,39): error TS1434: Unexpected keyword or identifier.
test/all_tests.test.ts(1593,43): error TS1434: Unexpected keyword or identifier.
test/all_tests.test.ts(1593,49): error TS1434: Unexpected keyword or identifier.
test/all_tests.test.ts(1593,57): error TS1434: Unexpected keyword or identifier.
test/all_tests.test.ts(1593,61): error TS1434: Unexpected keyword or identifier.
test/all_tests.test.ts(1593,68): error TS1434: Unexpected keyword or identifier.
test/all_tests.test.ts(1593,74): error TS1434: Unexpected keyword or identifier.
test/all_tests.test.ts(1593,84): error TS1228: A type predicate is only allowed in return type position for functions and methods.
test/all_tests.test.ts(1593,104): error TS1005: ',' expected.
test/all_tests.test.ts(1593,107): error TS1005: ',' expected.
test/all_tests.test.ts(1593,120): error TS1005: ',' expected.
test/all_tests.test.ts(1593,131): error TS1005: ',' expected.
test/all_tests.test.ts(1593,138): error TS1005: ',' expected.
test/all_tests.test.ts(1593,144): error TS1005: ',' expected.
test/all_tests.test.ts(1593,150): error TS1005: ',' expected.
test/all_tests.test.ts(1594,16): error TS1005: ';' expected.
test/all_tests.test.ts(1594,18): error TS1434: Unexpected keyword or identifier.
test/all_tests.test.ts(1594,39): error TS1005: ';' expected.
test/all_tests.test.ts(1594,56): error TS1005: ';' expected.
test/all_tests.test.ts(1595,24): error TS1005: ';' expected.
test/all_tests.test.ts(1595,26): error TS1434: Unexpected keyword or identifier.
test/all_tests.test.ts(1595,51): error TS1005: ',' expected.
test/all_tests.test.ts(1595,63): error TS1005: ',' expected.
test/all_tests.test.ts(1595,84): error TS1005: ',' expected.
test/all_tests.test.ts(1595,112): error TS1005: ';' expected.
test/all_tests.test.ts(1596,19): error TS1005: ';' expected.
test/all_tests.test.ts(1596,21): error TS1434: Unexpected keyword or identifier.
test/all_tests.test.ts(1596,48): error TS1005: ',' expected.
test/all_tests.test.ts(1596,81): error TS1005: ',' expected.
test/all_tests.test.ts(1596,98): error TS1005: ',' expected.
test/all_tests.test.ts(1596,104): error TS1005: ',' expected.
test/all_tests.test.ts(1596,119): error TS1005: ';' expected.
test/all_tests.test.ts(1596,142): error TS1005: ';' expected.
test/all_tests.test.ts(1596,155): error TS1434: Unexpected keyword or identifier.
test/all_tests.test.ts(1596,163): error TS1434: Unexpected keyword or identifier.
test/all_tests.test.ts(1597,1): error TS1003: Identifier expected.
test/all_tests.test.ts(1597,4): error TS1005: ';' expected.
test/all_tests.test.ts(1597,15): error TS1489: Decimals with leading zeros are not allowed.
test/all_tests.test.ts(1597,17): error TS1005: ';' expected.
test/all_tests.test.ts(1599,1): error TS1434: Unexpected keyword or identifier.
test/all_tests.test.ts(1599,62): error TS1128: Declaration or statement expected.
test/all_tests.test.ts(1599,66): error TS1109: Expression expected.
test/all_tests.test.ts(1600,23): error TS1005: ';' expected.
test/all_tests.test.ts(1600,30): error TS1434: Unexpected keyword or identifier.
test/all_tests.test.ts(1600,37): error TS1434: Unexpected keyword or identifier.
test/all_tests.test.ts(1601,1): error TS1434: Unexpected keyword or identifier.
test/all_tests.test.ts(1601,18): error TS1003: Identifier expected.
test/all_tests.test.ts(1602,1): error TS1434: Unexpected keyword or identifier.
test/all_tests.test.ts(1602,23): error TS1003: Identifier expected.
test/all_tests.test.ts(1603,97): error TS1003: Identifier expected.
test/all_tests.test.ts(1604,1): error TS1434: Unexpected keyword or identifier.
test/all_tests.test.ts(1626,1): error TS1434: Unexpected keyword or identifier.
test/all_tests.test.ts(1626,17): error TS1434: Unexpected keyword or identifier.
test/all_tests.test.ts(1626,21): error TS1434: Unexpected keyword or identifier.
test/all_tests.test.ts(1626,30): error TS1434: Unexpected keyword or identifier.
test/all_tests.test.ts(1626,39): error TS1434: Unexpected keyword or identifier.
test/all_tests.test.ts(1626,45): error TS1434: Unexpected keyword or identifier.
test/all_tests.test.ts(1626,58): error TS1005: ';' expected.
test/all_tests.test.ts(1626,65): error TS1228: A type predicate is only allowed in return type position for functions and methods.
test/all_tests.test.ts(1626,82): error TS1005: ';' expected.
test/all_tests.test.ts(1626,88): error TS1434: Unexpected keyword or identifier.
test/all_tests.test.ts(1626,91): error TS1434: Unexpected keyword or identifier.
test/all_tests.test.ts(1626,101): error TS1434: Unexpected keyword or identifier.
test/all_tests.test.ts(1626,105): error TS1434: Unexpected keyword or identifier.
test/all_tests.test.ts(1626,118): error TS1434: Unexpected keyword or identifier.
test/all_tests.test.ts(1626,131): error TS1434: Unexpected keyword or identifier.
test/all_tests.test.ts(1626,134): error TS1434: Unexpected keyword or identifier.
test/all_tests.test.ts(1626,169): error TS1005: ',' expected.
test/all_tests.test.ts(1626,183): error TS1005: ',' expected.
test/all_tests.test.ts(1626,188): error TS1005: ';' expected.
test/all_tests.test.ts(1626,191): error TS1434: Unexpected keyword or identifier.
test/all_tests.test.ts(1626,195): error TS1434: Unexpected keyword or identifier.
test/all_tests.test.ts(1626,211): error TS1434: Unexpected keyword or identifier.
test/all_tests.test.ts(1626,214): error TS1434: Unexpected keyword or identifier.
test/all_tests.test.ts(1626,218): error TS1434: Unexpected keyword or identifier.
test/all_tests.test.ts(1626,246): error TS1005: ',' expected.
test/all_tests.test.ts(1626,293): error TS1005: ';' expected.
test/all_tests.test.ts(1626,315): error TS1434: Unexpected keyword or identifier.
test/all_tests.test.ts(1626,319): error TS1434: Unexpected keyword or identifier.
test/all_tests.test.ts(1627,1): error TS1003: Identifier expected.
test/all_tests.test.ts(1627,5): error TS1005: ';' expected.
test/all_tests.test.ts(1627,16): error TS1489: Decimals with leading zeros are not allowed.
test/all_tests.test.ts(1627,18): error TS1005: ';' expected.
test/all_tests.test.ts(1629,1): error TS1434: Unexpected keyword or identifier.
test/all_tests.test.ts(1629,57): error TS1128: Declaration or statement expected.
test/all_tests.test.ts(1629,61): error TS1109: Expression expected.
test/all_tests.test.ts(1630,23): error TS1005: ';' expected.
test/all_tests.test.ts(1630,30): error TS1434: Unexpected keyword or identifier.
test/all_tests.test.ts(1630,37): error TS1434: Unexpected keyword or identifier.
test/all_tests.test.ts(1631,1): error TS1434: Unexpected keyword or identifier.
test/all_tests.test.ts(1631,18): error TS1003: Identifier expected.
test/all_tests.test.ts(1632,1): error TS1434: Unexpected keyword or identifier.
test/all_tests.test.ts(1632,23): error TS1003: Identifier expected.
test/all_tests.test.ts(1633,1): error TS1434: Unexpected keyword or identifier.
test/all_tests.test.ts(1633,29): error TS1003: Identifier expected.
test/all_tests.test.ts(1634,1): error TS1434: Unexpected keyword or identifier.
test/all_tests.test.ts(1648,1): error TS1434: Unexpected keyword or identifier.
test/all_tests.test.ts(1648,17): error TS1434: Unexpected keyword or identifier.
test/all_tests.test.ts(1648,23): error TS1434: Unexpected keyword or identifier.
test/all_tests.test.ts(1648,26): error TS1434: Unexpected keyword or identifier.
test/all_tests.test.ts(1648,35): error TS1434: Unexpected keyword or identifier.
test/all_tests.test.ts(1649,1): error TS1434: Unexpected keyword or identifier.
test/all_tests.test.ts(1649,16): error TS1434: Unexpected keyword or identifier.
test/all_tests.test.ts(1649,24): error TS1434: Unexpected keyword or identifier.
test/all_tests.test.ts(1649,28): error TS1434: Unexpected keyword or identifier.
test/all_tests.test.ts(1649,54): error TS1434: Unexpected keyword or identifier.
test/all_tests.test.ts(1649,58): error TS1434: Unexpected keyword or identifier.
test/all_tests.test.ts(1649,84): error TS1135: Argument expression expected.
test/all_tests.test.ts(1649,89): error TS1005: '(' expected.
test/all_tests.test.ts(1649,93): error TS1005: ')' expected.
test/all_tests.test.ts(1649,100): error TS1434: Unexpected keyword or identifier.
test/all_tests.test.ts(1649,105): error TS1434: Unexpected keyword or identifier.
test/all_tests.test.ts(1649,125): error TS1005: ';' expected.
test/all_tests.test.ts(1649,133): error TS1434: Unexpected keyword or identifier.
test/all_tests.test.ts(1649,137): error TS1434: Unexpected keyword or identifier.
test/all_tests.test.ts(1649,150): error TS1109: Expression expected.
test/all_tests.test.ts(1649,158): error TS1434: Unexpected keyword or identifier.
test/all_tests.test.ts(1649,165): error TS1128: Declaration or statement expected.
test/all_tests.test.ts(1649,166): error TS1128: Declaration or statement expected.
test/all_tests.test.ts(1650,10): error TS1005: ';' expected.
test/all_tests.test.ts(1650,19): error TS1434: Unexpected keyword or identifier.
test/all_tests.test.ts(1650,29): error TS1434: Unexpected keyword or identifier.
test/all_tests.test.ts(1650,38): error TS1434: Unexpected keyword or identifier.
test/all_tests.test.ts(1650,43): error TS1434: Unexpected keyword or identifier.
test/all_tests.test.ts(1650,50): error TS1434: Unexpected keyword or identifier.
test/all_tests.test.ts(1650,56): error TS1434: Unexpected keyword or identifier.
test/all_tests.test.ts(1650,59): error TS1434: Unexpected keyword or identifier.
test/all_tests.test.ts(1650,77): error TS1005: ',' expected.
test/all_tests.test.ts(1650,90): error TS1005: ',' expected.
test/all_tests.test.ts(1650,102): error TS1005: ',' expected.
test/all_tests.test.ts(1650,115): error TS1005: ',' expected.
test/all_tests.test.ts(1650,118): error TS1005: ',' expected.
test/all_tests.test.ts(1650,129): error TS1005: ',' expected.
test/all_tests.test.ts(1650,132): error TS1005: ',' expected.
test/all_tests.test.ts(1650,143): error TS1005: ',' expected.
test/all_tests.test.ts(1651,1): error TS1003: Identifier expected.
test/all_tests.test.ts(1651,11): error TS1005: ',' expected.
test/all_tests.test.ts(1651,22): error TS1005: ',' expected.
test/all_tests.test.ts(1651,28): error TS1005: ',' expected.
test/all_tests.test.ts(1651,35): error TS1005: ',' expected.
test/all_tests.test.ts(1652,1): error TS1003: Identifier expected.
test/all_tests.test.ts(1652,11): error TS1005: ',' expected.
test/all_tests.test.ts(1652,17): error TS1005: ',' expected.
test/all_tests.test.ts(1652,24): error TS1005: ',' expected.
test/all_tests.test.ts(1652,30): error TS1005: ',' expected.
test/all_tests.test.ts(1652,37): error TS1005: ',' expected.
test/all_tests.test.ts(1652,41): error TS1005: ',' expected.
test/all_tests.test.ts(1652,44): error TS1005: ',' expected.
test/all_tests.test.ts(1652,55): error TS1005: ',' expected.
test/all_tests.test.ts(1652,58): error TS1005: ',' expected.
test/all_tests.test.ts(1652,69): error TS1005: ',' expected.
test/all_tests.test.ts(1652,78): error TS1005: ',' expected.
test/all_tests.test.ts(1653,1): error TS1003: Identifier expected.
test/all_tests.test.ts(1653,5): error TS1005: ';' expected.
test/all_tests.test.ts(1653,18): error TS6188: Numeric separators are not allowed here.
test/all_tests.test.ts(1653,19): error TS1351: An identifier or keyword cannot immediately follow a numeric literal.
test/all_tests.test.ts(1655,1): error TS1434: Unexpected keyword or identifier.
test/all_tests.test.ts(1655,59): error TS1128: Declaration or statement expected.
test/all_tests.test.ts(1655,63): error TS1109: Expression expected.
test/all_tests.test.ts(1656,23): error TS1005: ';' expected.
test/all_tests.test.ts(1656,30): error TS1434: Unexpected keyword or identifier.
test/all_tests.test.ts(1656,37): error TS1434: Unexpected keyword or identifier.
test/all_tests.test.ts(1657,1): error TS1434: Unexpected keyword or identifier.
test/all_tests.test.ts(1657,28): error TS1005: ',' expected.
test/all_tests.test.ts(1657,33): error TS1005: ',' expected.
test/all_tests.test.ts(1657,46): error TS1109: Expression expected.
test/all_tests.test.ts(1657,64): error TS1005: ',' expected.
test/all_tests.test.ts(1657,67): error TS1005: ',' expected.
test/all_tests.test.ts(1657,72): error TS1003: Identifier expected.
test/all_tests.test.ts(1658,1): error TS1434: Unexpected keyword or identifier.
test/all_tests.test.ts(1658,23): error TS1003: Identifier expected.
test/all_tests.test.ts(1659,1): error TS1434: Unexpected keyword or identifier.
test/all_tests.test.ts(1659,3): error TS1434: Unexpected keyword or identifier.
test/all_tests.test.ts(1659,12): error TS1434: Unexpected keyword or identifier.
test/all_tests.test.ts(1659,20): error TS1434: Unexpected keyword or identifier.
test/all_tests.test.ts(1659,23): error TS1434: Unexpected keyword or identifier.
test/all_tests.test.ts(1659,41): error TS1005: ',' expected.
test/all_tests.test.ts(1659,53): error TS1005: ',' expected.
test/all_tests.test.ts(1659,55): error TS1005: ',' expected.
test/all_tests.test.ts(1659,58): error TS1005: ',' expected.
test/all_tests.test.ts(1659,66): error TS1005: ',' expected.
test/all_tests.test.ts(1659,69): error TS1005: '(' expected.
test/all_tests.test.ts(1659,77): error TS1005: ')' expected.
test/all_tests.test.ts(1659,84): error TS1434: Unexpected keyword or identifier.
test/all_tests.test.ts(1659,91): error TS1128: Declaration or statement expected.
test/all_tests.test.ts(1659,92): error TS1128: Declaration or statement expected.
test/all_tests.test.ts(1660,1): error TS1434: Unexpected keyword or identifier.
test/all_tests.test.ts(1671,1): error TS1434: Unexpected keyword or identifier.
test/all_tests.test.ts(1671,17): error TS1434: Unexpected keyword or identifier.
test/all_tests.test.ts(1671,27): error TS1434: Unexpected keyword or identifier.
test/all_tests.test.ts(1671,30): error TS1434: Unexpected keyword or identifier.
test/all_tests.test.ts(1671,51): error TS1005: ';' expected.
test/all_tests.test.ts(1671,53): error TS1434: Unexpected keyword or identifier.
test/all_tests.test.ts(1671,80): error TS1005: ';' expected.
test/all_tests.test.ts(1671,101): error TS1005: ',' expected.
test/all_tests.test.ts(1671,112): error TS1005: ';' expected.
test/all_tests.test.ts(1671,117): error TS1434: Unexpected keyword or identifier.
test/all_tests.test.ts(1671,138): error TS1005: ';' expected.
test/all_tests.test.ts(1671,153): error TS1434: Unexpected keyword or identifier.
test/all_tests.test.ts(1671,180): error TS1005: ';' expected.
test/all_tests.test.ts(1671,209): error TS1005: ';' expected.
test/all_tests.test.ts(1671,219): error TS1005: ';' expected.
test/all_tests.test.ts(1672,1): error TS1003: Identifier expected.
test/all_tests.test.ts(1672,5): error TS1005: ';' expected.
test/all_tests.test.ts(1672,18): error TS6188: Numeric separators are not allowed here.
test/all_tests.test.ts(1672,19): error TS1351: An identifier or keyword cannot immediately follow a numeric literal.
test/all_tests.test.ts(1674,1): error TS1434: Unexpected keyword or identifier.
test/all_tests.test.ts(1674,64): error TS1128: Declaration or statement expected.
test/all_tests.test.ts(1674,68): error TS1109: Expression expected.
test/all_tests.test.ts(1675,23): error TS1005: ';' expected.
test/all_tests.test.ts(1675,30): error TS1434: Unexpected keyword or identifier.
test/all_tests.test.ts(1675,37): error TS1434: Unexpected keyword or identifier.
test/all_tests.test.ts(1676,1): error TS1434: Unexpected keyword or identifier.
test/all_tests.test.ts(1676,18): error TS1003: Identifier expected.
test/all_tests.test.ts(1677,1): error TS1434: Unexpected keyword or identifier.
test/all_tests.test.ts(1677,23): error TS1003: Identifier expected.
test/all_tests.test.ts(1678,1): error TS1434: Unexpected keyword or identifier.
test/all_tests.test.ts(1678,9): error TS1434: Unexpected keyword or identifier.
test/all_tests.test.ts(1678,12): error TS1434: Unexpected keyword or identifier.
test/all_tests.test.ts(1678,34): error TS1005: ';' expected.
test/all_tests.test.ts(1678,37): error TS1434: Unexpected keyword or identifier.
test/all_tests.test.ts(1678,46): error TS1434: Unexpected keyword or identifier.
test/all_tests.test.ts(1678,55): error TS1005: '(' expected.
test/all_tests.test.ts(1678,61): error TS1003: Identifier expected.
test/all_tests.test.ts(1679,1): error TS1005: ';' expected.
test/all_tests.test.ts(1679,12): error TS1005: ';' expected.
test/all_tests.test.ts(1679,19): error TS1005: ')' expected.
test/all_tests.test.ts(1694,1): error TS1434: Unexpected keyword or identifier.
test/all_tests.test.ts(1694,17): error TS1434: Unexpected keyword or identifier.
test/all_tests.test.ts(1694,24): error TS1434: Unexpected keyword or identifier.
test/all_tests.test.ts(1694,31): error TS1434: Unexpected keyword or identifier.
test/all_tests.test.ts(1694,39): error TS1435: Unknown keyword or identifier. Did you mean 'var ious'?
test/all_tests.test.ts(1694,47): error TS1128: Declaration or statement expected.
test/all_tests.test.ts(1694,54): error TS1434: Unexpected keyword or identifier.
test/all_tests.test.ts(1694,173): error TS1003: Identifier expected.
test/all_tests.test.ts(1694,175): error TS1005: ';' expected.
test/all_tests.test.ts(1694,179): error TS1434: Unexpected keyword or identifier.
test/all_tests.test.ts(1694,189): error TS1434: Unexpected keyword or identifier.
test/all_tests.test.ts(1694,210): error TS1005: ';' expected.
test/all_tests.test.ts(1694,216): error TS1434: Unexpected keyword or identifier.
test/all_tests.test.ts(1694,219): error TS1434: Unexpected keyword or identifier.
test/all_tests.test.ts(1694,226): error TS1434: Unexpected keyword or identifier.
test/all_tests.test.ts(1694,232): error TS1434: Unexpected keyword or identifier.
test/all_tests.test.ts(1694,235): error TS1434: Unexpected keyword or identifier.
test/all_tests.test.ts(1694,239): error TS1434: Unexpected keyword or identifier.
test/all_tests.test.ts(1694,272): error TS1005: ';' expected.
test/all_tests.test.ts(1694,279): error TS1435: Unknown keyword or identifier. Did you mean 'const ant'?
test/all_tests.test.ts(1694,295): error TS1003: Identifier expected.
test/all_tests.test.ts(1695,1): error TS1434: Unexpected keyword or identifier.
test/all_tests.test.ts(1697,1): error TS1434: Unexpected keyword or identifier.
test/all_tests.test.ts(1697,17): error TS1434: Unexpected keyword or identifier.
test/all_tests.test.ts(1697,43): error TS1005: ';' expected.
test/all_tests.test.ts(1697,62): error TS1003: Identifier expected.
test/all_tests.test.ts(1697,82): error TS1005: ';' expected.
test/all_tests.test.ts(1697,96): error TS1005: '=' expected.
test/all_tests.test.ts(1697,101): error TS1005: ';' expected.
test/all_tests.test.ts(1697,106): error TS1434: Unexpected keyword or identifier.
test/all_tests.test.ts(1697,111): error TS1434: Unexpected keyword or identifier.
test/all_tests.test.ts(1697,116): error TS1434: Unexpected keyword or identifier.
test/all_tests.test.ts(1697,119): error TS1435: Unknown keyword or identifier. Did you mean 'void'?
test/all_tests.test.ts(1697,136): error TS1003: Identifier expected.
test/all_tests.test.ts(1698,1): error TS1434: Unexpected keyword or identifier.
test/all_tests.test.ts(1698,34): error TS1005: ';' expected.
test/all_tests.test.ts(1698,41): error TS1434: Unexpected keyword or identifier.
test/all_tests.test.ts(1698,103): error TS1003: Identifier expected.
test/all_tests.test.ts(1698,110): error TS1005: ';' expected.
test/all_tests.test.ts(1698,144): error TS1003: Identifier expected.
test/all_tests.test.ts(1699,1): error TS1434: Unexpected keyword or identifier.
test/all_tests.test.ts(1699,10): error TS1434: Unexpected keyword or identifier.
test/all_tests.test.ts(1699,18): error TS1434: Unexpected keyword or identifier.
test/all_tests.test.ts(1699,23): error TS1434: Unexpected keyword or identifier.
test/all_tests.test.ts(1699,37): error TS1434: Unexpected keyword or identifier.
test/all_tests.test.ts(1699,42): error TS1434: Unexpected keyword or identifier.
test/all_tests.test.ts(1699,50): error TS1109: Expression expected.
test/all_tests.test.ts(1699,59): error TS1005: ';' expected.
test/all_tests.test.ts(1699,65): error TS1434: Unexpected keyword or identifier.
test/all_tests.test.ts(1699,70): error TS1434: Unexpected keyword or identifier.
test/all_tests.test.ts(1699,74): error TS1434: Unexpected keyword or identifier.
test/all_tests.test.ts(1699,78): error TS1434: Unexpected keyword or identifier.
test/all_tests.test.ts(1699,82): error TS1434: Unexpected keyword or identifier.
test/all_tests.test.ts(1700,11): error TS1005: ';' expected.
test/all_tests.test.ts(1700,13): error TS1434: Unexpected keyword or identifier.
test/all_tests.test.ts(1700,16): error TS1434: Unexpected keyword or identifier.
test/all_tests.test.ts(1700,20): error TS1434: Unexpected keyword or identifier.
test/all_tests.test.ts(1700,37): error TS1005: ';' expected.
test/all_tests.test.ts(1700,43): error TS1434: Unexpected keyword or identifier.
test/all_tests.test.ts(1700,48): error TS1434: Unexpected keyword or identifier.
test/all_tests.test.ts(1700,55): error TS1434: Unexpected keyword or identifier.
test/all_tests.test.ts(1700,60): error TS1434: Unexpected keyword or identifier.
test/all_tests.test.ts(1700,63): error TS1434: Unexpected keyword or identifier.
test/all_tests.test.ts(1700,69): error TS1434: Unexpected keyword or identifier.
test/all_tests.test.ts(1700,74): error TS1434: Unexpected keyword or identifier.
test/all_tests.test.ts(1700,77): error TS1434: Unexpected keyword or identifier.
test/all_tests.test.ts(1700,85): error TS1434: Unexpected keyword or identifier.
test/all_tests.test.ts(1700,90): error TS1434: Unexpected keyword or identifier.
test/all_tests.test.ts(1700,98): error TS1434: Unexpected keyword or identifier.
test/all_tests.test.ts(1700,116): error TS1005: ';' expected.
test/all_tests.test.ts(1700,143): error TS1003: Identifier expected.

